
progra3: system execution failed.
Following is the set of recorded exceptions:

******************************** Thread exception *****************************
In thread           Root thread            0x0 (thread id)
*******************************************************************************
-------------------------------------------------------------------------------
Class / Object      Routine                Nature of exception           Effect
-------------------------------------------------------------------------------
ARRAYED_LIST        item @3                index_is_valid:              
<000002A42C771168>                         Precondition violated.        Fail
-------------------------------------------------------------------------------
APPLICATION         show_columns @2                                     
<000002A42C7705A8>                         Routine failure.              Fail
-------------------------------------------------------------------------------
APPLICATION         listar @5                                           
<000002A42C7705A8>                         Routine failure.              Fail
-------------------------------------------------------------------------------
APPLICATION         execute_cmd @142                                    
<000002A42C7705A8>                         Routine failure.              Fail
-------------------------------------------------------------------------------
APPLICATION         make @12                                            
<000002A42C7705A8>                         Routine failure.              Fail
-------------------------------------------------------------------------------
APPLICATION         root's creation                                     
<000002A42C7705A8>                         Routine failure.              Exit
-------------------------------------------------------------------------------

progra3: system execution failed.
Following is the set of recorded exceptions:

******************************** Thread exception *****************************
In thread           Root thread            0x0 (thread id)
*******************************************************************************
-------------------------------------------------------------------------------
Class / Object      Routine                Nature of exception           Effect
-------------------------------------------------------------------------------
ARRAYED_LIST        at @1                  valid_index:                 
<000001E885F88C98>  (From TO_SPECIAL)      Precondition violated.        Fail
-------------------------------------------------------------------------------
COLUMNA_STR         get_data_row @1                                     
<000001E885F88C08>                         Routine failure.              Fail
-------------------------------------------------------------------------------
APPLICATION         show_columns @7                                     
<000001E885F875A8>                         Routine failure.              Fail
-------------------------------------------------------------------------------
APPLICATION         listar @5                                           
<000001E885F875A8>                         Routine failure.              Fail
-------------------------------------------------------------------------------
APPLICATION         execute_cmd @142                                    
<000001E885F875A8>                         Routine failure.              Fail
-------------------------------------------------------------------------------
APPLICATION         make @12                                            
<000001E885F875A8>                         Routine failure.              Fail
-------------------------------------------------------------------------------
APPLICATION         root's creation                                     
<000001E885F875A8>                         Routine failure.              Exit
-------------------------------------------------------------------------------

progra3: system execution failed.
Following is the set of recorded exceptions:

******************************** Thread exception *****************************
In thread           Root thread            0x0 (thread id)
*******************************************************************************
-------------------------------------------------------------------------------
Class / Object      Routine                Nature of exception           Effect
-------------------------------------------------------------------------------
ARRAYED_LIST        remove @2              writable:                    
<00000146B090B888>                         Precondition violated.        Fail
-------------------------------------------------------------------------------
COLUMNA_INT         delete_data @2                                      
<00000146B090B7F8>                         Routine failure.              Fail
-------------------------------------------------------------------------------
TABLA               elim @9                                             
<00000146B090B0D8>                         Routine failure.              Fail
-------------------------------------------------------------------------------
APPLICATION         elim @5                                             
<00000146B090A5A8>                         Routine failure.              Fail
-------------------------------------------------------------------------------
APPLICATION         execute_cmd @179                                    
<00000146B090A5A8>                         Routine failure.              Fail
-------------------------------------------------------------------------------
APPLICATION         make @12                                            
<00000146B090A5A8>                         Routine failure.              Fail
-------------------------------------------------------------------------------
APPLICATION         root's creation                                     
<00000146B090A5A8>                         Routine failure.              Exit
-------------------------------------------------------------------------------
